0 silly argv {
0 silly argv   _: [ 'publish' ],
0 silly argv   composed: 'publish',
0 silly argv   lernaVersion: '3.22.1',
0 silly argv   '$0': 'lerna'
0 silly argv }
1 notice cli v3.22.1
2 verbose rootPath /Users/dcx/Documents/Projects/react-portfolio/jbook
3 verbose session 318e814404e819b5
4 verbose user-agent lerna/3.22.1/node@v15.12.0+x64 (darwin)
5 silly argv { _: [ 'publish' ], composed: 'publish', lernaVersion: '3.22.1' }
6 verbose rootPath /Users/dcx/Documents/Projects/react-portfolio/jbook
7 info current version 1.1.1
8 silly isAnythingCommitted
9 verbose isAnythingCommitted 1
10 silly currentBranch
11 verbose currentBranch master
12 silly remoteBranchExists
13 silly isBehindUpstream
14 silly isBehindUpstream master is behind origin/master by 0 commit(s) and ahead by 0
15 silly hasTags
16 verbose hasTags true
17 silly git-describe.sync "v1.1.1-1-g6f6f492" => {"lastTagName":"v1.1.1","lastVersion":"v1.1.1","refCount":"1","sha":"6f6f492","isDirty":false}
18 info Looking for changed packages since v1.1.1
19 silly checking diff packages/cli
20 silly no diff found in @jsnotes/cli
21 silly checking diff packages/local-api
22 silly no diff found in @jsnotes/local-api
23 silly checking diff packages/local-client
24 silly found diff in packages/local-client/src/hooks/use-cumulative-code.ts
25 verbose filtered diff [ 'packages/local-client/src/hooks/use-cumulative-code.ts' ]
26 verbose updated @jsnotes/cli
27 verbose updated @jsnotes/local-api
28 verbose updated @jsnotes/local-client
29 verbose git-describe undefined => "v1.1.1-1-g6f6f492"
30 silly git-describe parsed => {"lastTagName":"v1.1.1","lastVersion":"v1.1.1","refCount":"1","sha":"6f6f492","isDirty":false}
31 info execute Skipping releases
32 silly lifecycle No script for "preversion" in "root", continuing
33 silly lifecycle No script for "preversion" in "@jsnotes/local-client", continuing
34 silly lifecycle No script for "version" in "@jsnotes/local-client", continuing
35 silly lifecycle No script for "preversion" in "@jsnotes/local-api", continuing
36 silly lifecycle No script for "version" in "@jsnotes/local-api", continuing
37 silly lifecycle No script for "preversion" in "@jsnotes/cli", continuing
38 silly lifecycle No script for "version" in "@jsnotes/cli", continuing
39 silly lifecycle No script for "version" in "root", continuing
40 silly gitAdd [
40 silly gitAdd   'packages/local-client/package.json',
40 silly gitAdd   'packages/local-client/package-lock.json',
40 silly gitAdd   'packages/local-api/package.json',
40 silly gitAdd   'packages/local-api/package-lock.json',
40 silly gitAdd   'packages/cli/package.json',
40 silly gitAdd   'packages/cli/package-lock.json',
40 silly gitAdd   'lerna.json'
40 silly gitAdd ]
41 silly gitCommit v1.1.2
42 verbose git [ 'commit', '-m', 'v1.1.2' ]
43 silly gitTag v1.1.2
44 verbose git [ 'tag', 'v1.1.2', '-m', 'v1.1.2' ]
45 silly lifecycle No script for "postversion" in "@jsnotes/cli", continuing
46 silly lifecycle No script for "postversion" in "@jsnotes/local-api", continuing
47 silly lifecycle No script for "postversion" in "@jsnotes/local-client", continuing
48 silly lifecycle No script for "postversion" in "root", continuing
49 info git Pushing tags...
50 silly gitPush origin master
51 info publish Publishing packages to npm...
52 info Verifying npm credentials
53 verbose Retrieving npm user profile
54 http fetch GET 200 https://registry.npmjs.org/-/npm/v1/user 547ms
55 silly npm profile get received {"tfa":false,"name":"supran2811","email":"supransengupta@gmail.com","email_verified":false,"created":"2019-04-30T10:24:24.703Z","updated":"2020-08-30T14:58:05.999Z","cidr_whitelist":null,"fullname":"Supran"}
56 silly get npm username received {"username":"supran2811","tfa":false,"name":"supran2811","email":"supransengupta@gmail.com","email_verified":false,"created":"2019-04-30T10:24:24.703Z","updated":"2020-08-30T14:58:05.999Z","cidr_whitelist":null,"fullname":"Supran"}
57 silly verifyNpmPackageAccess
58 http fetch GET 200 https://registry.npmjs.org/-/org/supran2811/package?format=cli 396ms
59 info Checking two-factor auth mode
60 verbose Retrieving npm user profile
61 http fetch GET 200 https://registry.npmjs.org/-/npm/v1/user 395ms
62 silly npm profile get received {"tfa":false,"name":"supran2811","email":"supransengupta@gmail.com","email_verified":false,"created":"2019-04-30T10:24:24.703Z","updated":"2020-08-30T14:58:05.999Z","cidr_whitelist":null,"fullname":"Supran"}
63 silly 2FA false
64 warn ENOLICENSE Packages @jsnotes/cli, @jsnotes/local-api, and @jsnotes/local-client are missing a license.
64 warn ENOLICENSE One way to fix this is to add a LICENSE.md file to the root of this repository.
64 warn ENOLICENSE See https://choosealicense.com for additional guidance.
65 silly getCurrentSHA
66 verbose getCurrentSHA 631810c38a76a3590d4893532d690cc70d3d38ee
67 silly lifecycle No script for "prepublish" in "root", continuing
68 silly lifecycle No script for "prepare" in "root", continuing
69 silly lifecycle No script for "prepublishOnly" in "root", continuing
70 silly lifecycle No script for "prepack" in "root", continuing
71 verbose pack-directory packages/local-client
72 silly lifecycle No script for "prepublish" in "@jsnotes/local-client", continuing
73 silly lifecycle No script for "prepare" in "@jsnotes/local-client", continuing
74 silly lifecycle "prepublishOnly" starting in "@jsnotes/local-client"
75 info lifecycle @jsnotes/local-client@1.1.2~prepublishOnly: @jsnotes/local-client@1.1.2
76 verbose lifecycle @jsnotes/local-client@1.1.2~prepublishOnly: unsafe-perm in lifecycle true
77 verbose lifecycle @jsnotes/local-client@1.1.2~prepublishOnly: PATH: /usr/local/lib/node_modules/lerna/node_modules/npm-lifecycle/node-gyp-bin:/Users/dcx/Documents/Projects/react-portfolio/jbook/packages/local-client/node_modules/.bin:/Users/dcx/miniconda3/bin:/Users/dcx/miniconda3/condabin:/usr/local/bin:/usr/bin:/bin:/usr/sbin:/sbin:/usr/local/go/bin:/usr/local/share/dotnet:~/.dotnet/tools:/Library/Frameworks/Mono.framework/Versions/Current/Commands:/Applications/Xamarin Workbooks.app/Contents/SharedSupport/path-bin:/Users/dcx/.rvm/bin
78 verbose lifecycle @jsnotes/local-client@1.1.2~prepublishOnly: CWD: /Users/dcx/Documents/Projects/react-portfolio/jbook/packages/local-client
79 silly lifecycle @jsnotes/local-client@1.1.2~prepublishOnly: Args: [ '-c', 'npm run build' ]
80 silly lifecycle @jsnotes/local-client@1.1.2~prepublishOnly: Returned: code: 0  signal: null
81 silly lifecycle "prepublishOnly" finished in "@jsnotes/local-client"
82 silly lifecycle No script for "prepack" in "@jsnotes/local-client", continuing
83 error ZlibError: zlib: invalid stored block lengths
83 error     at Unzip.write (/usr/local/lib/node_modules/lerna/node_modules/minizlib/index.js:147:22)
83 error     at Object.write (/usr/local/lib/node_modules/lerna/node_modules/tar/lib/parse.js:305:58)
83 error     at Yallist.<anonymous> (/usr/local/lib/node_modules/lerna/node_modules/minipass/index.js:374:18)
83 error     at Yallist.forEach (/usr/local/lib/node_modules/lerna/node_modules/yallist/yallist.js:156:8)
83 error     at ReadStream.emit (/usr/local/lib/node_modules/lerna/node_modules/minipass/index.js:373:20)
83 error     at ReadStream.emit (/usr/local/lib/node_modules/lerna/node_modules/fs-minipass/index.js:154:22)
83 error     at ReadStream.write (/usr/local/lib/node_modules/lerna/node_modules/minipass/index.js:163:17)
83 error     at ReadStream.[_handleChunk] (/usr/local/lib/node_modules/lerna/node_modules/fs-minipass/index.js:131:19)
83 error     at ReadStream.[_onread] (/usr/local/lib/node_modules/lerna/node_modules/fs-minipass/index.js:109:32)
83 error     at /usr/local/lib/node_modules/lerna/node_modules/fs-minipass/index.js:101:22
